#
# There is insufficient memory for the Java Runtime Environment to continue.
# Native memory allocation (malloc) failed to allocate 1048576 bytes for AllocateHeap
# Possible reasons:
#   The system is out of physical RAM or swap space
#   In 32 bit mode, the process size limit was hit
# Possible solutions:
#   Reduce memory load on the system
#   Increase physical memory or swap space
#   Check if swap backing store is full
#   Use 64 bit Java on a 64 bit OS
#   Decrease Java heap size (-Xmx/-Xms)
#   Decrease number of Java threads
#   Decrease Java thread stack sizes (-Xss)
#   Set larger code cache with -XX:ReservedCodeCacheSize=
# This output file may be truncated or incomplete.
#
#  Out of Memory Error (memory/allocation.inline.hpp:61), pid=19372, tid=0x0000000000003eb0
#
# JRE version:  (8.0_144-b01) (build )
# Java VM: Java HotSpot(TM) 64-Bit Server VM (25.144-b01 mixed mode windows-amd64 compressed oops)
# Failed to write core dump. Minidumps are not enabled by default on client versions of Windows
#

---------------  T H R E A D  ---------------

Current thread (0x0000000004850800):  JavaThread "Unknown thread" [_thread_in_vm, id=16048, stack(0x0000000004750000,0x0000000004850000)]

Stack: [0x0000000004750000,0x0000000004850000]
[error occurred during error reporting (printing stack bounds), id 0xc0000005]

Native frames: (J=compiled Java code, j=interpreted, Vv=VM code, C=native code)


---------------  P R O C E S S  ---------------

Java Threads: ( => current thread )

Other Threads:

=>0x0000000004850800 (exited) JavaThread "Unknown thread" [_thread_in_vm, id=16048, stack(0x0000000004750000,0x0000000004850000)]

VM state:not at safepoint (normal execution)

VM Mutex/Monitor currently owned by a thread: None

Heap:
 PSYoungGen      total 18944K, used 327K [0x00000000eb400000, 0x00000000ec900000, 0x0000000100000000)
  eden space 16384K, 2% used [0x00000000eb400000,0x00000000eb451ec8,0x00000000ec400000)
  from space 2560K, 0% used [0x00000000ec680000,0x00000000ec680000,0x00000000ec900000)
  to   space 2560K, 0% used [0x00000000ec400000,0x00000000ec400000,0x00000000ec680000)
 ParOldGen       total 44032K, used 0K [0x00000000c1c00000, 0x00000000c4700000, 0x00000000eb400000)
  object space 44032K, 0% used [0x00000000c1c00000,0x00000000c1c00000,0x00000000c4700000)
 Metaspace       used 746K, capacity 4480K, committed 4480K, reserved 1056768K
  class space    used 75K, capacity 384K, committed 384K, reserved 1048576K

Card table byte_map: [0x0000000013d10000,0x0000000013f10000] byte_map_base: 0x0000000013702000

Marking Bits: (ParMarkBitMap*) 0x00000000591dd850
 Begin Bits: [0x0000000014460000, 0x00000000153f0000)
 End Bits:   [0x00000000153f0000, 0x0000000016380000)

Polling page: 0x0000000002b10000

CodeCache: size=245760Kb used=328Kb max_used=328Kb free=245431Kb
 bounds [0x0000000004950000, 0x0000000004bc0000, 0x0000000013950000]
 total_blobs=58 nmethods=0 adapters=38
 compilation: enabled

Compilation events (0 events):
No events

GC Heap History (0 events):
No events

Deoptimization events (0 events):
No events

Internal exceptions (0 events):
No events

Events (10 events):
Event: 0.038 loading class java/lang/Short
Event: 0.038 loading class java/lang/Short done
Event: 0.038 loading class java/lang/Integer
Event: 0.038 loading class java/lang/Integer done
Event: 0.038 loading class java/lang/Long
Event: 0.038 loading class java/lang/Long done
Event: 0.039 loading class java/lang/NullPointerException
Event: 0.039 loading class java/lang/NullPointerException done
Event: 0.039 loading class java/lang/ArithmeticException
Event: 0.039 loading class java/lang/ArithmeticException done


Dynamic libraries:
0x00007ff694f30000 - 0x00007ff694f67000 	C:\Program Files\Java\jre1.8.0_144\bin\javaw.exe
0x00007ffe9ca00000 - 0x00007ffe9cbe0000 	C:\WINDOWS\SYSTEM32\ntdll.dll
0x00007ffe9bd50000 - 0x00007ffe9bdfe000 	C:\WINDOWS\System32\KERNEL32.DLL
0x00007ffe98f00000 - 0x00007ffe99166000 	C:\WINDOWS\System32\KERNELBASE.dll
0x00007ffe9c610000 - 0x00007ffe9c6b1000 	C:\WINDOWS\System32\ADVAPI32.dll
0x00007ffe9a0e0000 - 0x00007ffe9a17d000 	C:\WINDOWS\System32\msvcrt.dll
0x00007ffe9a080000 - 0x00007ffe9a0db000 	C:\WINDOWS\System32\sechost.dll
0x00007ffe9be00000 - 0x00007ffe9bf1f000 	C:\WINDOWS\System32\RPCRT4.dll
0x00007ffe9c1c0000 - 0x00007ffe9c34f000 	C:\WINDOWS\System32\USER32.dll
0x00007ffe99ac0000 - 0x00007ffe99ae0000 	C:\WINDOWS\System32\win32u.dll
0x00007ffe9c040000 - 0x00007ffe9c068000 	C:\WINDOWS\System32\GDI32.dll
0x00007ffe991d0000 - 0x00007ffe99363000 	C:\WINDOWS\System32\gdi32full.dll
0x00007ffe99d60000 - 0x00007ffe99dfb000 	C:\WINDOWS\System32\msvcp_win.dll
0x00007ffe98e00000 - 0x00007ffe98ef6000 	C:\WINDOWS\System32\ucrtbase.dll
0x00007ffe8eb10000 - 0x00007ffe8ed79000 	C:\WINDOWS\WinSxS\amd64_microsoft.windows.common-controls_6595b64144ccf1df_6.0.16299.248_none_15ced204935f55d7\COMCTL32.dll
0x00007ffe9c6c0000 - 0x00007ffe9c9c8000 	C:\WINDOWS\System32\combase.dll
0x00007ffe99e50000 - 0x00007ffe99ec2000 	C:\WINDOWS\System32\bcryptPrimitives.dll
0x00007ffe9b620000 - 0x00007ffe9b64d000 	C:\WINDOWS\System32\IMM32.DLL
0x0000000058750000 - 0x0000000058822000 	C:\Program Files\Java\jre1.8.0_144\bin\msvcr100.dll
0x00000000589c0000 - 0x000000005925d000 	C:\Program Files\Java\jre1.8.0_144\bin\server\jvm.dll
0x00007ffe9b650000 - 0x00007ffe9b658000 	C:\WINDOWS\System32\PSAPI.DLL
0x00007ffe90180000 - 0x00007ffe90189000 	C:\WINDOWS\SYSTEM32\WSOCK32.dll
0x00007ffe9c460000 - 0x00007ffe9c4cc000 	C:\WINDOWS\System32\WS2_32.dll
0x00007ffe90db0000 - 0x00007ffe90dba000 	C:\WINDOWS\SYSTEM32\VERSION.dll
0x00007ffe8dda0000 - 0x00007ffe8ddc3000 	C:\WINDOWS\SYSTEM32\WINMM.dll
0x00007ffe8dd00000 - 0x00007ffe8dd2a000 	C:\WINDOWS\SYSTEM32\winmmbase.dll
0x00007ffe99e00000 - 0x00007ffe99e4a000 	C:\WINDOWS\System32\cfgmgr32.dll
0x000000005a850000 - 0x000000005a85f000 	C:\Program Files\Java\jre1.8.0_144\bin\verify.dll
0x000000005a820000 - 0x000000005a849000 	C:\Program Files\Java\jre1.8.0_144\bin\java.dll
0x00000000588c0000 - 0x00000000588d6000 	C:\Program Files\Java\jre1.8.0_144\bin\zip.dll

VM Arguments:
jvm_args: -Dfile.encoding=MS949 
java_command: Main
java_class_path (initial): C:\Program Files\Java\jre1.8.0_144\lib\resources.jar;C:\Program Files\Java\jre1.8.0_144\lib\rt.jar;C:\Program Files\Java\jre1.8.0_144\lib\jsse.jar;C:\Program Files\Java\jre1.8.0_144\lib\jce.jar;C:\Program Files\Java\jre1.8.0_144\lib\charsets.jar;C:\Program Files\Java\jre1.8.0_144\lib\jfr.jar;C:\Program Files\Java\jre1.8.0_144\lib\ext\access-bridge-64.jar;C:\Program Files\Java\jre1.8.0_144\lib\ext\cldrdata.jar;C:\Program Files\Java\jre1.8.0_144\lib\ext\dnsns.jar;C:\Program Files\Java\jre1.8.0_144\lib\ext\jaccess.jar;C:\Program Files\Java\jre1.8.0_144\lib\ext\jfxrt.jar;C:\Program Files\Java\jre1.8.0_144\lib\ext\localedata.jar;C:\Program Files\Java\jre1.8.0_144\lib\ext\nashorn.jar;C:\Program Files\Java\jre1.8.0_144\lib\ext\sunec.jar;C:\Program Files\Java\jre1.8.0_144\lib\ext\sunjce_provider.jar;C:\Program Files\Java\jre1.8.0_144\lib\ext\sunmscapi.jar;C:\Program Files\Java\jre1.8.0_144\lib\ext\sunpkcs11.jar;C:\Program Files\Java\jre1.8.0_144\lib\ext\zipfs.jar;C:\Users\±Ë∏Ì¡æ\Desktop\java\Lotto\bin
Launcher Type: SUN_STANDARD

Environment Variables:
JAVA_HOME=C:\Program Files\Java\jdk1.8.0_144
CLASSPATH=%classpath%;.
PATH=C:/Program Files/Java/jre1.8.0_144/bin/server;C:/Program Files/Java/jre1.8.0_144/bin;C:/Program Files/Java/jre1.8.0_144/lib/amd64;C:\Program Files (x86)\NVIDIA Corporation\PhysX\Common;C:\ProgramData\Oracle\Java\javapath;C:\WINDOWS\system32;C:\WINDOWS;C:\WINDOWS\System32\Wbem;C:\WINDOWS\System32\WindowsPowerShell\v1.0\;C:\Program Files\Java\jdk1.8.0_144\bin;C:\Program Files\Git\cmd;C:\Program Files (x86)\GtkSharp\2.12\bin;C:\Users\±Ë∏Ì¡æ\AppData\Local\Microsoft\WindowsApps;C:\Windows;
USERNAME=±Ë∏Ì¡æ
OS=Windows_NT
PROCESSOR_IDENTIFIER=Intel64 Family 6 Model 158 Stepping 9, GenuineIntel



---------------  S Y S T E M  ---------------

OS: Windows 10.0 , 64 bit Build 16299 (10.0.16299.15)

CPU:total 4 (initial active 4) (4 cores per cpu, 1 threads per core) family 6 model 158 stepping 9, cmov, cx8, fxsr, mmx, sse, sse2, sse3, ssse3, sse4.1, sse4.2, popcnt, avx, avx2, aes, clmul, erms, 3dnowpref, lzcnt, tsc, tscinvbit, bmi1, bmi2, adx

Memory: 4k page, physical 4072732k(402776k free), swap 16655644k(5372k free)

vm_info: Java HotSpot(TM) 64-Bit Server VM (25.144-b01) for windows-amd64 JRE (1.8.0_144-b01), built on Jul 21 2017 21:57:33 by "java_re" with MS VC++ 10.0 (VS2010)

time: Mon Feb 26 14:21:50 2018
elapsed time: 0 seconds (0d 0h 0m 0s)

